\BOOKMARK [0][-]{chapter.1}{\376\377\000p\000o\000b\000m\000\040\000p\000a\000c\000k\000a\000g\000e}{}% 1
\BOOKMARK [1][-]{section.1.1}{\376\377\000S\000u\000b\000p\000a\000c\000k\000a\000g\000e\000s}{chapter.1}% 2
\BOOKMARK [2][-]{subsection.1.1.1}{\376\377\000p\000o\000b\000m\000.\000o\000b\000m\000\040\000p\000a\000c\000k\000a\000g\000e}{section.1.1}% 3
\BOOKMARK [3][-]{subsubsection.1.1.1.1}{\376\377\000S\000u\000b\000m\000o\000d\000u\000l\000e\000s}{subsection.1.1.1}% 4
\BOOKMARK [3][-]{subsubsection.1.1.1.2}{\376\377\000p\000o\000b\000m\000.\000o\000b\000m\000.\000b\000u\000r\000d\000e\000n}{subsection.1.1.1}% 5
\BOOKMARK [3][-]{subsubsection.1.1.1.3}{\376\377\000p\000o\000b\000m\000.\000o\000b\000m\000.\000c\000o\000m\000p\000l\000e\000x}{subsection.1.1.1}% 6
\BOOKMARK [3][-]{subsubsection.1.1.1.4}{\376\377\000p\000o\000b\000m\000.\000o\000b\000m\000.\000d\000e\000s\000a\000t}{subsection.1.1.1}% 7
\BOOKMARK [3][-]{subsubsection.1.1.1.5}{\376\377\000p\000o\000b\000m\000.\000o\000b\000m\000.\000g\000e\000n\000e\000r\000a\000l}{subsection.1.1.1}% 8
\BOOKMARK [3][-]{subsubsection.1.1.1.6}{\376\377\000p\000o\000b\000m\000.\000o\000b\000m\000.\000p\000e\000r\000i\000o\000d\000i\000c\000i\000t\000y}{subsection.1.1.1}% 9
\BOOKMARK [3][-]{subsubsection.1.1.1.7}{\376\377\000M\000o\000d\000u\000l\000e\000\040\000c\000o\000n\000t\000e\000n\000t\000s}{subsection.1.1.1}% 10
\BOOKMARK [2][-]{subsection.1.1.2}{\376\377\000p\000o\000b\000m\000.\000s\000p\000o\0002\000\040\000p\000a\000c\000k\000a\000g\000e}{section.1.1}% 11
\BOOKMARK [3][-]{subsubsection.1.1.2.1}{\376\377\000S\000u\000b\000m\000o\000d\000u\000l\000e\000s}{subsection.1.1.2}% 12
\BOOKMARK [3][-]{subsubsection.1.1.2.2}{\376\377\000p\000o\000b\000m\000.\000s\000p\000o\0002\000.\000s\000i\000n\000g\000l\000e\000\137\000b\000i\000o\000m\000a\000r\000k\000e\000r\000s}{subsection.1.1.2}% 13
\BOOKMARK [3][-]{subsubsection.1.1.2.3}{\376\377\000M\000o\000d\000u\000l\000e\000\040\000c\000o\000n\000t\000e\000n\000t\000s}{subsection.1.1.2}% 14
\BOOKMARK [1][-]{section.1.2}{\376\377\000S\000u\000b\000m\000o\000d\000u\000l\000e\000s}{chapter.1}% 15
\BOOKMARK [1][-]{section.1.3}{\376\377\000p\000o\000b\000m\000.\000m\000a\000i\000n}{chapter.1}% 16
\BOOKMARK [1][-]{section.1.4}{\376\377\000p\000o\000b\000m\000.\000p\000r\000e\000p}{chapter.1}% 17
\BOOKMARK [1][-]{section.1.5}{\376\377\000M\000o\000d\000u\000l\000e\000\040\000c\000o\000n\000t\000e\000n\000t\000s}{chapter.1}% 18
\BOOKMARK [0][-]{chapter.2}{\376\377\000I\000n\000d\000i\000c\000e\000s\000\040\000a\000n\000d\000\040\000t\000a\000b\000l\000e\000s}{}% 19
\BOOKMARK [0][-]{section*.27}{\376\377\000P\000y\000t\000h\000o\000n\000\040\000M\000o\000d\000u\000l\000e\000\040\000I\000n\000d\000e\000x}{}% 20
\BOOKMARK [0][-]{section*.28}{\376\377\000I\000n\000d\000e\000x}{}% 21
